<?xml version="1.0" encoding="UTF-8"?>
<!-- Generated by org.testng.reporters.JUnitXMLReporter -->
<testsuite hostname="SL-1029" name="Default test" tests="10" failures="0" timestamp="24 May 2019 21:58:53 GMT" time="18.436" errors="0">
  <testcase name="verifyTitleTest" time="7.842" classname="com.yourcompany.Tests.HomePageTest"/>
  <testcase name="verifyTitleTest" time="10.138" classname="com.yourcompany.Tests.HomePageTest"/>
  <testcase name="verifyTitleTest" time="10.602" classname="com.yourcompany.Tests.HomePageTest"/>
  <testcase name="verifyTitleTest" time="11.081" classname="com.yourcompany.Tests.HomePageTest"/>
  <testcase name="verifyTitleTest" time="11.286" classname="com.yourcompany.Tests.HomePageTest"/>
  <testcase name="verifyTitleTest" time="12.576" classname="com.yourcompany.Tests.HomePageTest"/>
  <testcase name="verifyTitleTest" time="14.421" classname="com.yourcompany.Tests.HomePageTest"/>
  <testcase name="verifyTitleTest" time="16.855" classname="com.yourcompany.Tests.HomePageTest"/>
  <testcase name="verifyTitleTest" time="18.041" classname="com.yourcompany.Tests.HomePageTest"/>
  <testcase name="verifyTitleTest" time="18.223" classname="com.yourcompany.Tests.HomePageTest"/>
</testsuite> <!-- Default test -->
