<?xml version="1.0" encoding="UTF-8"?>
<testng-results skipped="0" failed="0" total="10" passed="10">
  <reporter-output>
  </reporter-output>
  <suite name="Default suite" duration-ms="18436" started-at="2019-05-24T21:58:35Z" finished-at="2019-05-24T21:58:53Z">
    <groups>
    </groups>
    <test name="Default test" duration-ms="18436" started-at="2019-05-24T21:58:35Z" finished-at="2019-05-24T21:58:53Z">
      <class name="com.yourcompany.Tests.HomePageTest">
        <test-method status="PASS" signature="verifyTitleTest(java.lang.String, java.lang.String, java.lang.String, java.lang.reflect.Method)[pri:0, instance:com.yourcompany.Tests.HomePageTest@e45f292]" name="verifyTitleTest" duration-ms="16855" started-at="2019-05-24T14:58:35Z" data-provider="hardCodedBrowsers" finished-at="2019-05-24T14:58:51Z">
          <params>
            <param index="0">
              <value>
                <![CDATA[firefox]]>
              </value>
            </param>
            <param index="1">
              <value>
                <![CDATA[]]>
              </value>
            </param>
            <param index="2">
              <value>
                <![CDATA[Windows 10]]>
              </value>
            </param>
            <param index="3">
              <value>
                <![CDATA[public void com.yourcompany.Tests.HomePageTest.verifyTitleTest(java.lang.String,java.lang.String,java.lang.String,java.lang.reflect.Method) throws java.net.MalformedURLException,org.openqa.selenium.InvalidElementStateException,java.rmi.UnexpectedException]]>
              </value>
            </param>
          </params>
          <reporter-output>
          </reporter-output>
        </test-method> <!-- verifyTitleTest -->
        <test-method status="PASS" signature="verifyTitleTest(java.lang.String, java.lang.String, java.lang.String, java.lang.reflect.Method)[pri:0, instance:com.yourcompany.Tests.HomePageTest@e45f292]" name="verifyTitleTest" duration-ms="12576" started-at="2019-05-24T14:58:35Z" data-provider="hardCodedBrowsers" finished-at="2019-05-24T14:58:47Z">
          <params>
            <param index="0">
              <value>
                <![CDATA[internet explorer]]>
              </value>
            </param>
            <param index="1">
              <value>
                <![CDATA[11.0]]>
              </value>
            </param>
            <param index="2">
              <value>
                <![CDATA[Windows 7]]>
              </value>
            </param>
            <param index="3">
              <value>
                <![CDATA[public void com.yourcompany.Tests.HomePageTest.verifyTitleTest(java.lang.String,java.lang.String,java.lang.String,java.lang.reflect.Method) throws java.net.MalformedURLException,org.openqa.selenium.InvalidElementStateException,java.rmi.UnexpectedException]]>
              </value>
            </param>
          </params>
          <reporter-output>
          </reporter-output>
        </test-method> <!-- verifyTitleTest -->
        <test-method status="PASS" signature="verifyTitleTest(java.lang.String, java.lang.String, java.lang.String, java.lang.reflect.Method)[pri:0, instance:com.yourcompany.Tests.HomePageTest@e45f292]" name="verifyTitleTest" duration-ms="7842" started-at="2019-05-24T14:58:35Z" data-provider="hardCodedBrowsers" finished-at="2019-05-24T14:58:42Z">
          <params>
            <param index="0">
              <value>
                <![CDATA[chrome]]>
              </value>
            </param>
            <param index="1">
              <value>
                <![CDATA[latest]]>
              </value>
            </param>
            <param index="2">
              <value>
                <![CDATA[OS X 10.10]]>
              </value>
            </param>
            <param index="3">
              <value>
                <![CDATA[public void com.yourcompany.Tests.HomePageTest.verifyTitleTest(java.lang.String,java.lang.String,java.lang.String,java.lang.reflect.Method) throws java.net.MalformedURLException,org.openqa.selenium.InvalidElementStateException,java.rmi.UnexpectedException]]>
              </value>
            </param>
          </params>
          <reporter-output>
          </reporter-output>
        </test-method> <!-- verifyTitleTest -->
        <test-method status="PASS" signature="verifyTitleTest(java.lang.String, java.lang.String, java.lang.String, java.lang.reflect.Method)[pri:0, instance:com.yourcompany.Tests.HomePageTest@e45f292]" name="verifyTitleTest" duration-ms="10602" started-at="2019-05-24T14:58:35Z" data-provider="hardCodedBrowsers" finished-at="2019-05-24T14:58:45Z">
          <params>
            <param index="0">
              <value>
                <![CDATA[safari]]>
              </value>
            </param>
            <param index="1">
              <value>
                <![CDATA[10.0]]>
              </value>
            </param>
            <param index="2">
              <value>
                <![CDATA[OS X 10.11]]>
              </value>
            </param>
            <param index="3">
              <value>
                <![CDATA[public void com.yourcompany.Tests.HomePageTest.verifyTitleTest(java.lang.String,java.lang.String,java.lang.String,java.lang.reflect.Method) throws java.net.MalformedURLException,org.openqa.selenium.InvalidElementStateException,java.rmi.UnexpectedException]]>
              </value>
            </param>
          </params>
          <reporter-output>
          </reporter-output>
        </test-method> <!-- verifyTitleTest -->
        <test-method status="PASS" signature="verifyTitleTest(java.lang.String, java.lang.String, java.lang.String, java.lang.reflect.Method)[pri:0, instance:com.yourcompany.Tests.HomePageTest@e45f292]" name="verifyTitleTest" duration-ms="11286" started-at="2019-05-24T14:58:35Z" data-provider="hardCodedBrowsers" finished-at="2019-05-24T14:58:46Z">
          <params>
            <param index="0">
              <value>
                <![CDATA[firefox]]>
              </value>
            </param>
            <param index="1">
              <value>
                <![CDATA[latest-1]]>
              </value>
            </param>
            <param index="2">
              <value>
                <![CDATA[Windows 7]]>
              </value>
            </param>
            <param index="3">
              <value>
                <![CDATA[public void com.yourcompany.Tests.HomePageTest.verifyTitleTest(java.lang.String,java.lang.String,java.lang.String,java.lang.reflect.Method) throws java.net.MalformedURLException,org.openqa.selenium.InvalidElementStateException,java.rmi.UnexpectedException]]>
              </value>
            </param>
          </params>
          <reporter-output>
          </reporter-output>
        </test-method> <!-- verifyTitleTest -->
        <test-method status="PASS" signature="verifyTitleTest(java.lang.String, java.lang.String, java.lang.String, java.lang.reflect.Method)[pri:0, instance:com.yourcompany.Tests.HomePageTest@e45f292]" name="verifyTitleTest" duration-ms="14421" started-at="2019-05-24T14:58:35Z" data-provider="hardCodedBrowsers" finished-at="2019-05-24T14:58:49Z">
          <params>
            <param index="0">
              <value>
                <![CDATA[firefox]]>
              </value>
            </param>
            <param index="1">
              <value>
                <![CDATA[]]>
              </value>
            </param>
            <param index="2">
              <value>
                <![CDATA[Windows 10]]>
              </value>
            </param>
            <param index="3">
              <value>
                <![CDATA[public void com.yourcompany.Tests.HomePageTest.verifyTitleTest(java.lang.String,java.lang.String,java.lang.String,java.lang.reflect.Method) throws java.net.MalformedURLException,org.openqa.selenium.InvalidElementStateException,java.rmi.UnexpectedException]]>
              </value>
            </param>
          </params>
          <reporter-output>
          </reporter-output>
        </test-method> <!-- verifyTitleTest -->
        <test-method status="PASS" signature="verifyTitleTest(java.lang.String, java.lang.String, java.lang.String, java.lang.reflect.Method)[pri:0, instance:com.yourcompany.Tests.HomePageTest@e45f292]" name="verifyTitleTest" duration-ms="10138" started-at="2019-05-24T14:58:35Z" data-provider="hardCodedBrowsers" finished-at="2019-05-24T14:58:45Z">
          <params>
            <param index="0">
              <value>
                <![CDATA[safari]]>
              </value>
            </param>
            <param index="1">
              <value>
                <![CDATA[10.0]]>
              </value>
            </param>
            <param index="2">
              <value>
                <![CDATA[OS X 10.11]]>
              </value>
            </param>
            <param index="3">
              <value>
                <![CDATA[public void com.yourcompany.Tests.HomePageTest.verifyTitleTest(java.lang.String,java.lang.String,java.lang.String,java.lang.reflect.Method) throws java.net.MalformedURLException,org.openqa.selenium.InvalidElementStateException,java.rmi.UnexpectedException]]>
              </value>
            </param>
          </params>
          <reporter-output>
          </reporter-output>
        </test-method> <!-- verifyTitleTest -->
        <test-method status="PASS" signature="verifyTitleTest(java.lang.String, java.lang.String, java.lang.String, java.lang.reflect.Method)[pri:0, instance:com.yourcompany.Tests.HomePageTest@e45f292]" name="verifyTitleTest" duration-ms="11081" started-at="2019-05-24T14:58:35Z" data-provider="hardCodedBrowsers" finished-at="2019-05-24T14:58:46Z">
          <params>
            <param index="0">
              <value>
                <![CDATA[internet explorer]]>
              </value>
            </param>
            <param index="1">
              <value>
                <![CDATA[11.0]]>
              </value>
            </param>
            <param index="2">
              <value>
                <![CDATA[Windows 7]]>
              </value>
            </param>
            <param index="3">
              <value>
                <![CDATA[public void com.yourcompany.Tests.HomePageTest.verifyTitleTest(java.lang.String,java.lang.String,java.lang.String,java.lang.reflect.Method) throws java.net.MalformedURLException,org.openqa.selenium.InvalidElementStateException,java.rmi.UnexpectedException]]>
              </value>
            </param>
          </params>
          <reporter-output>
          </reporter-output>
        </test-method> <!-- verifyTitleTest -->
        <test-method status="PASS" signature="verifyTitleTest(java.lang.String, java.lang.String, java.lang.String, java.lang.reflect.Method)[pri:0, instance:com.yourcompany.Tests.HomePageTest@e45f292]" name="verifyTitleTest" duration-ms="18041" started-at="2019-05-24T14:58:35Z" data-provider="hardCodedBrowsers" finished-at="2019-05-24T14:58:53Z">
          <params>
            <param index="0">
              <value>
                <![CDATA[MicrosoftEdge]]>
              </value>
            </param>
            <param index="1">
              <value>
                <![CDATA[14.14393]]>
              </value>
            </param>
            <param index="2">
              <value>
                <![CDATA[Windows 10]]>
              </value>
            </param>
            <param index="3">
              <value>
                <![CDATA[public void com.yourcompany.Tests.HomePageTest.verifyTitleTest(java.lang.String,java.lang.String,java.lang.String,java.lang.reflect.Method) throws java.net.MalformedURLException,org.openqa.selenium.InvalidElementStateException,java.rmi.UnexpectedException]]>
              </value>
            </param>
          </params>
          <reporter-output>
          </reporter-output>
        </test-method> <!-- verifyTitleTest -->
        <test-method status="PASS" signature="verifyTitleTest(java.lang.String, java.lang.String, java.lang.String, java.lang.reflect.Method)[pri:0, instance:com.yourcompany.Tests.HomePageTest@e45f292]" name="verifyTitleTest" duration-ms="18223" started-at="2019-05-24T14:58:35Z" data-provider="hardCodedBrowsers" finished-at="2019-05-24T14:58:53Z">
          <params>
            <param index="0">
              <value>
                <![CDATA[MicrosoftEdge]]>
              </value>
            </param>
            <param index="1">
              <value>
                <![CDATA[14.14393]]>
              </value>
            </param>
            <param index="2">
              <value>
                <![CDATA[Windows 10]]>
              </value>
            </param>
            <param index="3">
              <value>
                <![CDATA[public void com.yourcompany.Tests.HomePageTest.verifyTitleTest(java.lang.String,java.lang.String,java.lang.String,java.lang.reflect.Method) throws java.net.MalformedURLException,org.openqa.selenium.InvalidElementStateException,java.rmi.UnexpectedException]]>
              </value>
            </param>
          </params>
          <reporter-output>
          </reporter-output>
        </test-method> <!-- verifyTitleTest -->
        <test-method status="PASS" signature="tearDown(org.testng.ITestResult)[pri:0, instance:com.yourcompany.Tests.HomePageTest@e45f292]" name="tearDown" is-config="true" duration-ms="347" started-at="2019-05-24T14:58:42Z" finished-at="2019-05-24T14:58:43Z">
          <params>
            <param index="0">
              <value>
                <![CDATA[[TestResult name=verifyTitleTest status=SUCCESS method=HomePageTest.verifyTitleTest(java.lang.String, java.lang.String, java.lang.String, java.lang.reflect.Method)[pri:0, instance:com.yourcompany.Tests.HomePageTest@e45f292] output={null}]]]>
              </value>
            </param>
          </params>
          <reporter-output>
          </reporter-output>
        </test-method> <!-- tearDown -->
        <test-method status="PASS" signature="tearDown(org.testng.ITestResult)[pri:0, instance:com.yourcompany.Tests.HomePageTest@e45f292]" name="tearDown" is-config="true" duration-ms="2252" started-at="2019-05-24T14:58:45Z" finished-at="2019-05-24T14:58:47Z">
          <params>
            <param index="0">
              <value>
                <![CDATA[[TestResult name=verifyTitleTest status=SUCCESS method=HomePageTest.verifyTitleTest(java.lang.String, java.lang.String, java.lang.String, java.lang.reflect.Method)[pri:0, instance:com.yourcompany.Tests.HomePageTest@e45f292] output={null}]]]>
              </value>
            </param>
          </params>
          <reporter-output>
          </reporter-output>
        </test-method> <!-- tearDown -->
        <test-method status="PASS" signature="tearDown(org.testng.ITestResult)[pri:0, instance:com.yourcompany.Tests.HomePageTest@e45f292]" name="tearDown" is-config="true" duration-ms="280" started-at="2019-05-24T14:58:45Z" finished-at="2019-05-24T14:58:45Z">
          <params>
            <param index="0">
              <value>
                <![CDATA[[TestResult name=verifyTitleTest status=SUCCESS method=HomePageTest.verifyTitleTest(java.lang.String, java.lang.String, java.lang.String, java.lang.reflect.Method)[pri:0, instance:com.yourcompany.Tests.HomePageTest@e45f292] output={null}]]]>
              </value>
            </param>
          </params>
          <reporter-output>
          </reporter-output>
        </test-method> <!-- tearDown -->
        <test-method status="PASS" signature="tearDown(org.testng.ITestResult)[pri:0, instance:com.yourcompany.Tests.HomePageTest@e45f292]" name="tearDown" is-config="true" duration-ms="140" started-at="2019-05-24T14:58:46Z" finished-at="2019-05-24T14:58:46Z">
          <params>
            <param index="0">
              <value>
                <![CDATA[[TestResult name=verifyTitleTest status=SUCCESS method=HomePageTest.verifyTitleTest(java.lang.String, java.lang.String, java.lang.String, java.lang.reflect.Method)[pri:0, instance:com.yourcompany.Tests.HomePageTest@e45f292] output={null}]]]>
              </value>
            </param>
          </params>
          <reporter-output>
          </reporter-output>
        </test-method> <!-- tearDown -->
        <test-method status="PASS" signature="tearDown(org.testng.ITestResult)[pri:0, instance:com.yourcompany.Tests.HomePageTest@e45f292]" name="tearDown" is-config="true" duration-ms="550" started-at="2019-05-24T14:58:46Z" finished-at="2019-05-24T14:58:46Z">
          <params>
            <param index="0">
              <value>
                <![CDATA[[TestResult name=verifyTitleTest status=SUCCESS method=HomePageTest.verifyTitleTest(java.lang.String, java.lang.String, java.lang.String, java.lang.reflect.Method)[pri:0, instance:com.yourcompany.Tests.HomePageTest@e45f292] output={null}]]]>
              </value>
            </param>
          </params>
          <reporter-output>
          </reporter-output>
        </test-method> <!-- tearDown -->
        <test-method status="PASS" signature="tearDown(org.testng.ITestResult)[pri:0, instance:com.yourcompany.Tests.HomePageTest@e45f292]" name="tearDown" is-config="true" duration-ms="199" started-at="2019-05-24T14:58:47Z" finished-at="2019-05-24T14:58:47Z">
          <params>
            <param index="0">
              <value>
                <![CDATA[[TestResult name=verifyTitleTest status=SUCCESS method=HomePageTest.verifyTitleTest(java.lang.String, java.lang.String, java.lang.String, java.lang.reflect.Method)[pri:0, instance:com.yourcompany.Tests.HomePageTest@e45f292] output={null}]]]>
              </value>
            </param>
          </params>
          <reporter-output>
          </reporter-output>
        </test-method> <!-- tearDown -->
        <test-method status="PASS" signature="tearDown(org.testng.ITestResult)[pri:0, instance:com.yourcompany.Tests.HomePageTest@e45f292]" name="tearDown" is-config="true" duration-ms="291" started-at="2019-05-24T14:58:49Z" finished-at="2019-05-24T14:58:49Z">
          <params>
            <param index="0">
              <value>
                <![CDATA[[TestResult name=verifyTitleTest status=SUCCESS method=HomePageTest.verifyTitleTest(java.lang.String, java.lang.String, java.lang.String, java.lang.reflect.Method)[pri:0, instance:com.yourcompany.Tests.HomePageTest@e45f292] output={null}]]]>
              </value>
            </param>
          </params>
          <reporter-output>
          </reporter-output>
        </test-method> <!-- tearDown -->
        <test-method status="PASS" signature="tearDown(org.testng.ITestResult)[pri:0, instance:com.yourcompany.Tests.HomePageTest@e45f292]" name="tearDown" is-config="true" duration-ms="224" started-at="2019-05-24T14:58:51Z" finished-at="2019-05-24T14:58:52Z">
          <params>
            <param index="0">
              <value>
                <![CDATA[[TestResult name=verifyTitleTest status=SUCCESS method=HomePageTest.verifyTitleTest(java.lang.String, java.lang.String, java.lang.String, java.lang.reflect.Method)[pri:0, instance:com.yourcompany.Tests.HomePageTest@e45f292] output={null}]]]>
              </value>
            </param>
          </params>
          <reporter-output>
          </reporter-output>
        </test-method> <!-- tearDown -->
        <test-method status="PASS" signature="tearDown(org.testng.ITestResult)[pri:0, instance:com.yourcompany.Tests.HomePageTest@e45f292]" name="tearDown" is-config="true" duration-ms="242" started-at="2019-05-24T14:58:53Z" finished-at="2019-05-24T14:58:53Z">
          <params>
            <param index="0">
              <value>
                <![CDATA[[TestResult name=verifyTitleTest status=SUCCESS method=HomePageTest.verifyTitleTest(java.lang.String, java.lang.String, java.lang.String, java.lang.reflect.Method)[pri:0, instance:com.yourcompany.Tests.HomePageTest@e45f292] output={null}]]]>
              </value>
            </param>
          </params>
          <reporter-output>
          </reporter-output>
        </test-method> <!-- tearDown -->
        <test-method status="PASS" signature="tearDown(org.testng.ITestResult)[pri:0, instance:com.yourcompany.Tests.HomePageTest@e45f292]" name="tearDown" is-config="true" duration-ms="195" started-at="2019-05-24T14:58:53Z" finished-at="2019-05-24T14:58:53Z">
          <params>
            <param index="0">
              <value>
                <![CDATA[[TestResult name=verifyTitleTest status=SUCCESS method=HomePageTest.verifyTitleTest(java.lang.String, java.lang.String, java.lang.String, java.lang.reflect.Method)[pri:0, instance:com.yourcompany.Tests.HomePageTest@e45f292] output={null}]]]>
              </value>
            </param>
          </params>
          <reporter-output>
          </reporter-output>
        </test-method> <!-- tearDown -->
      </class> <!-- com.yourcompany.Tests.HomePageTest -->
    </test> <!-- Default test -->
  </suite> <!-- Default suite -->
</testng-results>
